<?xml version="1.0" encoding="UTF-8"?>
<testsuite xmlns:xsi="http://www.w3.org/2001/XMLSchema-instance" xsi:noNamespaceSchemaLocation="https://maven.apache.org/surefire/maven-surefire-plugin/xsd/surefire-test-report-3.0.xsd" version="3.0" name="com.tjmg.kafka.connect.lpadmerge.LpadMergeTransformerTest" time="0.104" tests="9" errors="0" skipped="0" failures="0">
  <properties>
    <property name="java.specification.version" value="21"/>
    <property name="sun.cpu.isalist" value="amd64"/>
    <property name="sun.jnu.encoding" value="Cp1252"/>
    <property name="java.class.path" value="C:\desenv\repos\smt\kafka-connect-lpad-merge-transformer\target\test-classes;C:\desenv\repos\smt\kafka-connect-lpad-merge-transformer\target\classes;C:\Users\leoch\.m2\repository\org\apache\kafka\connect-transforms\1.0.0\connect-transforms-1.0.0.jar;C:\Users\leoch\.m2\repository\org\apache\kafka\connect-api\1.0.0\connect-api-1.0.0.jar;C:\Users\leoch\.m2\repository\org\apache\kafka\kafka-clients\1.0.0\kafka-clients-1.0.0.jar;C:\Users\leoch\.m2\repository\org\lz4\lz4-java\1.4\lz4-java-1.4.jar;C:\Users\leoch\.m2\repository\org\xerial\snappy\snappy-java\1.1.4\snappy-java-1.1.4.jar;C:\Users\leoch\.m2\repository\org\slf4j\slf4j-api\1.7.25\slf4j-api-1.7.25.jar;C:\Users\leoch\.m2\repository\junit\junit\4.12\junit-4.12.jar;C:\Users\leoch\.m2\repository\org\hamcrest\hamcrest-core\1.3\hamcrest-core-1.3.jar;"/>
    <property name="java.vm.vendor" value="Eclipse Adoptium"/>
    <property name="sun.arch.data.model" value="64"/>
    <property name="user.variant" value=""/>
    <property name="java.vendor.url" value="https://adoptium.net/"/>
    <property name="user.timezone" value="America/Sao_Paulo"/>
    <property name="os.name" value="Windows 10"/>
    <property name="java.vm.specification.version" value="21"/>
    <property name="sun.java.launcher" value="SUN_STANDARD"/>
    <property name="user.country" value="BR"/>
    <property name="sun.boot.library.path" value="C:\Program Files\Eclipse Adoptium\jdk-21.0.5.11-hotspot\bin"/>
    <property name="sun.java.command" value="C:\Users\leoch\AppData\Local\Temp\surefire13393233197426707967\surefirebooter-20250818121545489_3.jar C:\Users\leoch\AppData\Local\Temp\surefire13393233197426707967 2025-08-18T12-15-45_333-jvmRun1 surefire-20250818121545489_1tmp surefire_0-20250818121545489_2tmp"/>
    <property name="jdk.debug" value="release"/>
    <property name="surefire.test.class.path" value="C:\desenv\repos\smt\kafka-connect-lpad-merge-transformer\target\test-classes;C:\desenv\repos\smt\kafka-connect-lpad-merge-transformer\target\classes;C:\Users\leoch\.m2\repository\org\apache\kafka\connect-transforms\1.0.0\connect-transforms-1.0.0.jar;C:\Users\leoch\.m2\repository\org\apache\kafka\connect-api\1.0.0\connect-api-1.0.0.jar;C:\Users\leoch\.m2\repository\org\apache\kafka\kafka-clients\1.0.0\kafka-clients-1.0.0.jar;C:\Users\leoch\.m2\repository\org\lz4\lz4-java\1.4\lz4-java-1.4.jar;C:\Users\leoch\.m2\repository\org\xerial\snappy\snappy-java\1.1.4\snappy-java-1.1.4.jar;C:\Users\leoch\.m2\repository\org\slf4j\slf4j-api\1.7.25\slf4j-api-1.7.25.jar;C:\Users\leoch\.m2\repository\junit\junit\4.12\junit-4.12.jar;C:\Users\leoch\.m2\repository\org\hamcrest\hamcrest-core\1.3\hamcrest-core-1.3.jar;"/>
    <property name="sun.cpu.endian" value="little"/>
    <property name="user.home" value="C:\Users\leoch"/>
    <property name="user.language" value="pt"/>
    <property name="java.specification.vendor" value="Oracle Corporation"/>
    <property name="java.version.date" value="2024-10-15"/>
    <property name="java.home" value="C:\Program Files\Eclipse Adoptium\jdk-21.0.5.11-hotspot"/>
    <property name="file.separator" value="\"/>
    <property name="basedir" value="C:\desenv\repos\smt\kafka-connect-lpad-merge-transformer"/>
    <property name="java.vm.compressedOopsMode" value="Zero based"/>
    <property name="line.separator" value="&#10;"/>
    <property name="java.vm.specification.vendor" value="Oracle Corporation"/>
    <property name="java.specification.name" value="Java Platform API Specification"/>
    <property name="surefire.real.class.path" value="C:\Users\leoch\AppData\Local\Temp\surefire13393233197426707967\surefirebooter-20250818121545489_3.jar"/>
    <property name="user.script" value=""/>
    <property name="sun.management.compiler" value="HotSpot 64-Bit Tiered Compilers"/>
    <property name="java.runtime.version" value="21.0.5+11-LTS"/>
    <property name="user.name" value="leoch"/>
    <property name="stdout.encoding" value="Cp1252"/>
    <property name="path.separator" value=";"/>
    <property name="os.version" value="10.0"/>
    <property name="java.runtime.name" value="OpenJDK Runtime Environment"/>
    <property name="file.encoding" value="UTF-8"/>
    <property name="java.vm.name" value="OpenJDK 64-Bit Server VM"/>
    <property name="java.vendor.version" value="Temurin-21.0.5+11"/>
    <property name="localRepository" value="C:\Users\leoch\.m2\repository"/>
    <property name="java.vendor.url.bug" value="https://github.com/adoptium/adoptium-support/issues"/>
    <property name="java.io.tmpdir" value="C:\Users\leoch\AppData\Local\Temp\"/>
    <property name="java.version" value="21.0.5"/>
    <property name="user.dir" value="C:\desenv\repos\smt\kafka-connect-lpad-merge-transformer"/>
    <property name="os.arch" value="amd64"/>
    <property name="java.vm.specification.name" value="Java Virtual Machine Specification"/>
    <property name="sun.os.patch.level" value=""/>
    <property name="native.encoding" value="Cp1252"/>
    <property name="java.library.path" value="C:\Program Files\Eclipse Adoptium\jdk-21.0.5.11-hotspot\bin;C:\Windows\Sun\Java\bin;C:\Windows\system32;C:\Windows;C:\Program Files\PowerShell\7;C:\Program Files\Common Files\Oracle\Java\javapath;C:\Program Files (x86)\Common Files\Oracle\Java\java8path;C:\Program Files (x86)\Common Files\Oracle\Java\javapath;C:\Program Files\Eclipse Adoptium\jdk-21.0.5.11-hotspot\bin;C:\Windows\system32;C:\Windows;C:\Windows\System32\Wbem;C:\Windows\System32\WindowsPowerShell\v1.0\;C:\Windows\System32\OpenSSH\;C:\Program Files (x86)\NVIDIA Corporation\PhysX\Common;C:\Program Files\Git\cmd;C:\Program Files\SafeNet\Authentication\SAC\x64;C:\Program Files\SafeNet\Authentication\SAC\x32;C:\Program Files\Arduino CLI\;C:\Program Files\Eclipse Adoptium\jdk-21.0.5.11-hotspot\bin;C:\Program Files (x86)\Yarn\bin\;C:\Program Files\nodejs\;C:\ProgramData\chocolatey\bin;C:\Program Files\GTK3-Runtime Win64\bin;C:\desenv\bin\apache-maven-3.9.9\bin;C:\Program Files\NVIDIA Corporation\NVIDIA app\NvDLISR;C:\Users\leoch\AppData\Local\Android\Sdkemulator;C:\Users\leoch\AppData\Local\Android\Sdktools;C:\Users\leoch\AppData\Local\Android\Sdkplatform-tools;C:\Users\leoch\AppData\Local\Android\Sdktools\bin;C:\Users\leoch\AppData\Local\Android\Sdk\platform-tools;C:\Program Files\dotnet\;C:\Program Files\Docker\Docker\resources\bin;C:\Users\leoch\AppData\Local\Muse Hub\lib;C:\Program Files\PowerShell\7\;C:\Users\leoch\.cargo\bin;C:\Users\leoch\AppData\Local\Programs\Python\Launcher\;C:\Users\leoch\AppData\Local\Microsoft\WindowsApps;C:\Users\leoch\AppData\Local\Programs\Microsoft VS Code\bin;C:\Users\leoch\AppData\Local\Yarn\bin;C:\Users\leoch\AppData\Roaming\npm;C:\Users\leoch\AppData\Local\Muse Hub\lib;C:\instantclient_23_8;;c:\Users\leoch\AppData\Roaming\Code\User\globalStorage\github.copilot-chat\debugCommand;."/>
    <property name="java.vm.info" value="mixed mode, sharing"/>
    <property name="stderr.encoding" value="Cp1252"/>
    <property name="java.vendor" value="Eclipse Adoptium"/>
    <property name="java.vm.version" value="21.0.5+11-LTS"/>
    <property name="sun.io.unicode.encoding" value="UnicodeLittle"/>
    <property name="java.class.version" value="65.0"/>
  </properties>
  <testcase name="shouldLpadAndMergeToInt64" classname="com.tjmg.kafka.connect.lpadmerge.LpadMergeTransformerTest" time="0.029">
    <system-err><![CDATA[SLF4J: Failed to load class "org.slf4j.impl.StaticLoggerBinder".
SLF4J: Defaulting to no-operation (NOP) logger implementation
SLF4J: See http://www.slf4j.org/codes.html#StaticLoggerBinder for further details.
]]></system-err>
  </testcase>
  <testcase name="shouldHandleTombstoneWhenMergedToKey" classname="com.tjmg.kafka.connect.lpadmerge.LpadMergeTransformerTest" time="0.0"/>
  <testcase name="shouldLpadAndMergeToString" classname="com.tjmg.kafka.connect.lpadmerge.LpadMergeTransformerTest" time="0.0"/>
  <testcase name="shouldHandleNestedFields" classname="com.tjmg.kafka.connect.lpadmerge.LpadMergeTransformerTest" time="0.0"/>
  <testcase name="shouldHandleSchemalessRecords" classname="com.tjmg.kafka.connect.lpadmerge.LpadMergeTransformerTest" time="0.0"/>
  <testcase name="shouldLpadAndMergeToKey" classname="com.tjmg.kafka.connect.lpadmerge.LpadMergeTransformerTest" time="0.0"/>
  <testcase name="shouldHandleNullValues" classname="com.tjmg.kafka.connect.lpadmerge.LpadMergeTransformerTest" time="0.0"/>
  <testcase name="shouldThrowErrorOnInvalidConversion" classname="com.tjmg.kafka.connect.lpadmerge.LpadMergeTransformerTest" time="0.0"/>
  <testcase name="shouldLpadAndMergeToDecimal" classname="com.tjmg.kafka.connect.lpadmerge.LpadMergeTransformerTest" time="0.002"/>
</testsuite>